[debug] [2024-11-16T10:42:19.031Z] ----------------------------------------------------------------------
[debug] [2024-11-16T10:42:19.033Z] Command:       C:\Program Files\nodejs\node.exe C:\Program Files\nodejs\node_modules\firebase-tools\lib\bin\firebase.js emulators:start --only functions
[debug] [2024-11-16T10:42:19.033Z] CLI Version:   13.25.0
[debug] [2024-11-16T10:42:19.034Z] Platform:      win32
[debug] [2024-11-16T10:42:19.034Z] Node Version:  v20.18.0
[debug] [2024-11-16T10:42:19.034Z] Time:          Sat Nov 16 2024 17:42:19 GMT+0700 (Indochina Time)
[debug] [2024-11-16T10:42:19.034Z] ----------------------------------------------------------------------
[debug] 
[debug] [2024-11-16T10:42:19.139Z] > command requires scopes: ["email","openid","https://www.googleapis.com/auth/cloudplatformprojects.readonly","https://www.googleapis.com/auth/firebase","https://www.googleapis.com/auth/cloud-platform"]
[debug] [2024-11-16T10:42:19.140Z] > authorizing via signed-in user (radinaldewantara@gmail.com)
[info] i  emulators: Starting emulators: functions {"metadata":{"emulator":{"name":"hub"},"message":"Starting emulators: functions"}}
[debug] [2024-11-16T10:42:19.147Z] [logging] Logging Emulator only supports listening on one address (127.0.0.1). Not listening on ::1
[debug] [2024-11-16T10:42:19.147Z] assigned listening specs for emulators {"user":{"hub":[{"address":"127.0.0.1","family":"IPv4","port":4400},{"address":"::1","family":"IPv6","port":4400}],"ui":[{"address":"127.0.0.1","family":"IPv4","port":4000},{"address":"::1","family":"IPv6","port":4000}],"logging":[{"address":"127.0.0.1","family":"IPv4","port":4500}]},"metadata":{"message":"assigned listening specs for emulators"}}
[debug] [2024-11-16T10:42:19.151Z] [hub] writing locator at C:\Users\radin\AppData\Local\Temp\hub-ebuddy-test-84e11.json
[debug] [2024-11-16T10:42:19.166Z] [functions] Functions Emulator only supports listening on one address (127.0.0.1). Not listening on ::1
[debug] [2024-11-16T10:42:19.166Z] [eventarc] Eventarc Emulator only supports listening on one address (127.0.0.1). Not listening on ::1
[debug] [2024-11-16T10:42:19.166Z] [tasks] Cloud Tasks Emulator only supports listening on one address (127.0.0.1). Not listening on ::1
[debug] [2024-11-16T10:42:19.166Z] late-assigned ports for functions and eventarc emulators {"user":{"hub":[{"address":"127.0.0.1","family":"IPv4","port":4400},{"address":"::1","family":"IPv6","port":4400}],"ui":[{"address":"127.0.0.1","family":"IPv4","port":4000},{"address":"::1","family":"IPv6","port":4000}],"logging":[{"address":"127.0.0.1","family":"IPv4","port":4500}],"functions":[{"address":"127.0.0.1","family":"IPv4","port":5001}],"eventarc":[{"address":"127.0.0.1","family":"IPv4","port":9299}],"tasks":[{"address":"127.0.0.1","family":"IPv4","port":9499}]},"metadata":{"message":"late-assigned ports for functions and eventarc emulators"}}
[warn] !  functions: The following emulators are not running, calls to these services from the Functions emulator will affect production: auth, firestore, database, hosting, pubsub, storage, dataconnect {"metadata":{"emulator":{"name":"functions"},"message":"The following emulators are not running, calls to these services from the Functions emulator will affect production: \u001b[1mauth, firestore, database, hosting, pubsub, storage, dataconnect\u001b[22m"}}
[debug] [2024-11-16T10:42:19.169Z] defaultcredentials: writing to file C:\Users\radin\AppData\Roaming\firebase\radinaldewantara_gmail_com_application_default_credentials.json
[debug] [2024-11-16T10:42:19.171Z] Setting GAC to C:\Users\radin\AppData\Roaming\firebase\radinaldewantara_gmail_com_application_default_credentials.json {"metadata":{"emulator":{"name":"functions"},"message":"Setting GAC to C:\\Users\\radin\\AppData\\Roaming\\firebase\\radinaldewantara_gmail_com_application_default_credentials.json"}}
[debug] [2024-11-16T10:42:19.172Z] Checked if tokens are valid: true, expires at: 1731756999541
[debug] [2024-11-16T10:42:19.172Z] Checked if tokens are valid: true, expires at: 1731756999541
[debug] [2024-11-16T10:42:19.173Z] >>> [apiv2][query] GET https://firebase.googleapis.com/v1beta1/projects/ebuddy-test-84e11/adminSdkConfig [none]
[debug] [2024-11-16T10:42:19.634Z] <<< [apiv2][status] GET https://firebase.googleapis.com/v1beta1/projects/ebuddy-test-84e11/adminSdkConfig 200
[debug] [2024-11-16T10:42:19.634Z] <<< [apiv2][body] GET https://firebase.googleapis.com/v1beta1/projects/ebuddy-test-84e11/adminSdkConfig {"projectId":"ebuddy-test-84e11","storageBucket":"ebuddy-test-84e11.firebasestorage.app"}
[info] i  ui: downloading ui-v1.14.0.zip... {"metadata":{"emulator":{"name":"ui"},"message":"downloading ui-v1.14.0.zip..."}}
[debug] [2024-11-16T10:42:19.656Z] >>> [apiv2][query] GET https://storage.googleapis.com/firebase-preview-drop/emulator/ui-v1.14.0.zip 
[debug] [2024-11-16T10:42:20.061Z] <<< [apiv2][status] GET https://storage.googleapis.com/firebase-preview-drop/emulator/ui-v1.14.0.zip 200
[debug] [2024-11-16T10:42:20.061Z] <<< [apiv2][body] GET https://storage.googleapis.com/firebase-preview-drop/emulator/ui-v1.14.0.zip [stream]
[debug] [2024-11-16T10:42:21.393Z] Data is 3615311
[debug] [2024-11-16T10:42:21.393Z] [unzip] Entry: client/ (compressed_size=0 bytes, uncompressed_size=0 bytes)
[debug] [2024-11-16T10:42:21.393Z] [unzip] Processing entry: client\
[debug] [2024-11-16T10:42:21.393Z] [unzip] mkdir: C:\Users\radin\.cache\firebase\emulators\ui-v1.14.0\client\
[debug] [2024-11-16T10:42:21.394Z] [unzip] Entry: client/favicon-16x16.png (compressed_size=293 bytes, uncompressed_size=293 bytes)
[debug] [2024-11-16T10:42:21.394Z] [unzip] Processing entry: client\favicon-16x16.png
[debug] [2024-11-16T10:42:21.394Z] [unzip] else mkdir: C:\Users\radin\.cache\firebase\emulators\ui-v1.14.0\client
[debug] [2024-11-16T10:42:21.394Z] [unzip] Writing file: C:\Users\radin\.cache\firebase\emulators\ui-v1.14.0\client\favicon-16x16.png
[debug] [2024-11-16T10:42:21.395Z] [unzip] Entry: client/safari-pinned-tab.svg (compressed_size=1433 bytes, uncompressed_size=2611 bytes)
[debug] [2024-11-16T10:42:21.395Z] [unzip] Processing entry: client\safari-pinned-tab.svg
[debug] [2024-11-16T10:42:21.395Z] [unzip] else mkdir: C:\Users\radin\.cache\firebase\emulators\ui-v1.14.0\client
[debug] [2024-11-16T10:42:21.395Z] [unzip] deflating: C:\Users\radin\.cache\firebase\emulators\ui-v1.14.0\client\safari-pinned-tab.svg
[debug] [2024-11-16T10:42:21.398Z] [unzip] Entry: client/favicon.ico (compressed_size=2933 bytes, uncompressed_size=13294 bytes)
[debug] [2024-11-16T10:42:21.398Z] [unzip] Processing entry: client\favicon.ico
[debug] [2024-11-16T10:42:21.398Z] [unzip] else mkdir: C:\Users\radin\.cache\firebase\emulators\ui-v1.14.0\client
[debug] [2024-11-16T10:42:21.398Z] [unzip] deflating: C:\Users\radin\.cache\firebase\emulators\ui-v1.14.0\client\favicon.ico
[debug] [2024-11-16T10:42:21.400Z] [unzip] Entry: client/index.html (compressed_size=1363 bytes, uncompressed_size=3071 bytes)
[debug] [2024-11-16T10:42:21.400Z] [unzip] Processing entry: client\index.html
[debug] [2024-11-16T10:42:21.400Z] [unzip] else mkdir: C:\Users\radin\.cache\firebase\emulators\ui-v1.14.0\client
[debug] [2024-11-16T10:42:21.400Z] [unzip] deflating: C:\Users\radin\.cache\firebase\emulators\ui-v1.14.0\client\index.html
[debug] [2024-11-16T10:42:21.401Z] [unzip] Entry: client/android-chrome-192x192.png (compressed_size=2684 bytes, uncompressed_size=2684 bytes)
[debug] [2024-11-16T10:42:21.401Z] [unzip] Processing entry: client\android-chrome-192x192.png
[debug] [2024-11-16T10:42:21.401Z] [unzip] else mkdir: C:\Users\radin\.cache\firebase\emulators\ui-v1.14.0\client
[debug] [2024-11-16T10:42:21.401Z] [unzip] Writing file: C:\Users\radin\.cache\firebase\emulators\ui-v1.14.0\client\android-chrome-192x192.png
[debug] [2024-11-16T10:42:21.402Z] [unzip] Entry: client/apple-touch-icon.png (compressed_size=2123 bytes, uncompressed_size=2152 bytes)
[debug] [2024-11-16T10:42:21.402Z] [unzip] Processing entry: client\apple-touch-icon.png
[debug] [2024-11-16T10:42:21.402Z] [unzip] else mkdir: C:\Users\radin\.cache\firebase\emulators\ui-v1.14.0\client
[debug] [2024-11-16T10:42:21.402Z] [unzip] deflating: C:\Users\radin\.cache\firebase\emulators\ui-v1.14.0\client\apple-touch-icon.png
[debug] [2024-11-16T10:42:21.403Z] [unzip] Entry: client/android-chrome-512x512.png (compressed_size=5369 bytes, uncompressed_size=5411 bytes)
[debug] [2024-11-16T10:42:21.403Z] [unzip] Processing entry: client\android-chrome-512x512.png
[debug] [2024-11-16T10:42:21.403Z] [unzip] else mkdir: C:\Users\radin\.cache\firebase\emulators\ui-v1.14.0\client
[debug] [2024-11-16T10:42:21.404Z] [unzip] deflating: C:\Users\radin\.cache\firebase\emulators\ui-v1.14.0\client\android-chrome-512x512.png
[debug] [2024-11-16T10:42:21.405Z] [unzip] Entry: client/manifest.json (compressed_size=245 bytes, uncompressed_size=551 bytes)
[debug] [2024-11-16T10:42:21.405Z] [unzip] Processing entry: client\manifest.json
[debug] [2024-11-16T10:42:21.405Z] [unzip] else mkdir: C:\Users\radin\.cache\firebase\emulators\ui-v1.14.0\client
[debug] [2024-11-16T10:42:21.405Z] [unzip] deflating: C:\Users\radin\.cache\firebase\emulators\ui-v1.14.0\client\manifest.json
[debug] [2024-11-16T10:42:21.406Z] [unzip] Entry: client/robots.txt (compressed_size=26 bytes, uncompressed_size=26 bytes)
[debug] [2024-11-16T10:42:21.406Z] [unzip] Processing entry: client\robots.txt
[debug] [2024-11-16T10:42:21.406Z] [unzip] else mkdir: C:\Users\radin\.cache\firebase\emulators\ui-v1.14.0\client
[debug] [2024-11-16T10:42:21.407Z] [unzip] Writing file: C:\Users\radin\.cache\firebase\emulators\ui-v1.14.0\client\robots.txt
[debug] [2024-11-16T10:42:21.407Z] [unzip] Entry: client/mstile-150x150.png (compressed_size=2034 bytes, uncompressed_size=2034 bytes)
[debug] [2024-11-16T10:42:21.407Z] [unzip] Processing entry: client\mstile-150x150.png
[debug] [2024-11-16T10:42:21.407Z] [unzip] else mkdir: C:\Users\radin\.cache\firebase\emulators\ui-v1.14.0\client
[debug] [2024-11-16T10:42:21.407Z] [unzip] Writing file: C:\Users\radin\.cache\firebase\emulators\ui-v1.14.0\client\mstile-150x150.png
[debug] [2024-11-16T10:42:21.408Z] [unzip] Entry: client/assets/ (compressed_size=0 bytes, uncompressed_size=0 bytes)
[debug] [2024-11-16T10:42:21.408Z] [unzip] Processing entry: client\assets\
[debug] [2024-11-16T10:42:21.408Z] [unzip] mkdir: C:\Users\radin\.cache\firebase\emulators\ui-v1.14.0\client\assets\
[debug] [2024-11-16T10:42:21.409Z] [unzip] Entry: client/assets/index-ClZTY_JS.js.map (compressed_size=2328270 bytes, uncompressed_size=9947004 bytes)
[debug] [2024-11-16T10:42:21.409Z] [unzip] Processing entry: client\assets\index-ClZTY_JS.js.map
[debug] [2024-11-16T10:42:21.409Z] [unzip] else mkdir: C:\Users\radin\.cache\firebase\emulators\ui-v1.14.0\client\assets
[debug] [2024-11-16T10:42:21.409Z] [unzip] deflating: C:\Users\radin\.cache\firebase\emulators\ui-v1.14.0\client\assets\index-ClZTY_JS.js.map
[debug] [2024-11-16T10:42:21.438Z] [unzip] Entry: client/assets/index-ClZTY_JS.js (compressed_size=567195 bytes, uncompressed_size=2035940 bytes)
[debug] [2024-11-16T10:42:21.438Z] [unzip] Processing entry: client\assets\index-ClZTY_JS.js
[debug] [2024-11-16T10:42:21.438Z] [unzip] else mkdir: C:\Users\radin\.cache\firebase\emulators\ui-v1.14.0\client\assets
[debug] [2024-11-16T10:42:21.439Z] [unzip] deflating: C:\Users\radin\.cache\firebase\emulators\ui-v1.14.0\client\assets\index-ClZTY_JS.js
[debug] [2024-11-16T10:42:21.445Z] [unzip] Entry: client/assets/index-BdgySamB.css (compressed_size=35979 bytes, uncompressed_size=298654 bytes)
[debug] [2024-11-16T10:42:21.445Z] [unzip] Processing entry: client\assets\index-BdgySamB.css
[debug] [2024-11-16T10:42:21.445Z] [unzip] else mkdir: C:\Users\radin\.cache\firebase\emulators\ui-v1.14.0\client\assets
[debug] [2024-11-16T10:42:21.445Z] [unzip] deflating: C:\Users\radin\.cache\firebase\emulators\ui-v1.14.0\client\assets\index-BdgySamB.css
[debug] [2024-11-16T10:42:21.447Z] [unzip] Entry: client/assets/extensions/ (compressed_size=0 bytes, uncompressed_size=0 bytes)
[debug] [2024-11-16T10:42:21.447Z] [unzip] Processing entry: client\assets\extensions\
[debug] [2024-11-16T10:42:21.447Z] [unzip] mkdir: C:\Users\radin\.cache\firebase\emulators\ui-v1.14.0\client\assets\extensions\
[debug] [2024-11-16T10:42:21.448Z] [unzip] Entry: client/assets/extensions/default-extension.png (compressed_size=1646 bytes, uncompressed_size=1657 bytes)
[debug] [2024-11-16T10:42:21.448Z] [unzip] Processing entry: client\assets\extensions\default-extension.png
[debug] [2024-11-16T10:42:21.448Z] [unzip] else mkdir: C:\Users\radin\.cache\firebase\emulators\ui-v1.14.0\client\assets\extensions
[debug] [2024-11-16T10:42:21.448Z] [unzip] deflating: C:\Users\radin\.cache\firebase\emulators\ui-v1.14.0\client\assets\extensions\default-extension.png
[debug] [2024-11-16T10:42:21.449Z] [unzip] Entry: client/assets/img/ (compressed_size=0 bytes, uncompressed_size=0 bytes)
[debug] [2024-11-16T10:42:21.449Z] [unzip] Processing entry: client\assets\img\
[debug] [2024-11-16T10:42:21.449Z] [unzip] mkdir: C:\Users\radin\.cache\firebase\emulators\ui-v1.14.0\client\assets\img\
[debug] [2024-11-16T10:42:21.449Z] [unzip] Entry: client/assets/img/database.png (compressed_size=29449 bytes, uncompressed_size=29988 bytes)
[debug] [2024-11-16T10:42:21.449Z] [unzip] Processing entry: client\assets\img\database.png
[debug] [2024-11-16T10:42:21.449Z] [unzip] else mkdir: C:\Users\radin\.cache\firebase\emulators\ui-v1.14.0\client\assets\img
[debug] [2024-11-16T10:42:21.450Z] [unzip] deflating: C:\Users\radin\.cache\firebase\emulators\ui-v1.14.0\client\assets\img\database.png
[debug] [2024-11-16T10:42:21.451Z] [unzip] Entry: client/assets/provider-icons/ (compressed_size=0 bytes, uncompressed_size=0 bytes)
[debug] [2024-11-16T10:42:21.451Z] [unzip] Processing entry: client\assets\provider-icons\
[debug] [2024-11-16T10:42:21.451Z] [unzip] mkdir: C:\Users\radin\.cache\firebase\emulators\ui-v1.14.0\client\assets\provider-icons\
[debug] [2024-11-16T10:42:21.451Z] [unzip] Entry: client/assets/provider-icons/auth_service_saml.svg (compressed_size=575 bytes, uncompressed_size=1226 bytes)
[debug] [2024-11-16T10:42:21.451Z] [unzip] Processing entry: client\assets\provider-icons\auth_service_saml.svg
[debug] [2024-11-16T10:42:21.451Z] [unzip] else mkdir: C:\Users\radin\.cache\firebase\emulators\ui-v1.14.0\client\assets\provider-icons
[debug] [2024-11-16T10:42:21.452Z] [unzip] deflating: C:\Users\radin\.cache\firebase\emulators\ui-v1.14.0\client\assets\provider-icons\auth_service_saml.svg
[debug] [2024-11-16T10:42:21.453Z] [unzip] Entry: client/assets/provider-icons/auth_service_phone.svg (compressed_size=261 bytes, uncompressed_size=414 bytes)
[debug] [2024-11-16T10:42:21.453Z] [unzip] Processing entry: client\assets\provider-icons\auth_service_phone.svg
[debug] [2024-11-16T10:42:21.453Z] [unzip] else mkdir: C:\Users\radin\.cache\firebase\emulators\ui-v1.14.0\client\assets\provider-icons
[debug] [2024-11-16T10:42:21.453Z] [unzip] deflating: C:\Users\radin\.cache\firebase\emulators\ui-v1.14.0\client\assets\provider-icons\auth_service_phone.svg
[debug] [2024-11-16T10:42:21.454Z] [unzip] Entry: client/assets/provider-icons/auth_service_facebook.svg (compressed_size=289 bytes, uncompressed_size=457 bytes)
[debug] [2024-11-16T10:42:21.454Z] [unzip] Processing entry: client\assets\provider-icons\auth_service_facebook.svg
[debug] [2024-11-16T10:42:21.454Z] [unzip] else mkdir: C:\Users\radin\.cache\firebase\emulators\ui-v1.14.0\client\assets\provider-icons
[debug] [2024-11-16T10:42:21.454Z] [unzip] deflating: C:\Users\radin\.cache\firebase\emulators\ui-v1.14.0\client\assets\provider-icons\auth_service_facebook.svg
[debug] [2024-11-16T10:42:21.455Z] [unzip] Entry: client/assets/provider-icons/auth_service_game_center.svg (compressed_size=991 bytes, uncompressed_size=3921 bytes)
[debug] [2024-11-16T10:42:21.455Z] [unzip] Processing entry: client\assets\provider-icons\auth_service_game_center.svg
[debug] [2024-11-16T10:42:21.455Z] [unzip] else mkdir: C:\Users\radin\.cache\firebase\emulators\ui-v1.14.0\client\assets\provider-icons
[debug] [2024-11-16T10:42:21.455Z] [unzip] deflating: C:\Users\radin\.cache\firebase\emulators\ui-v1.14.0\client\assets\provider-icons\auth_service_game_center.svg
[debug] [2024-11-16T10:42:21.456Z] [unzip] Entry: client/assets/provider-icons/auth_service_apple.svg (compressed_size=230 bytes, uncompressed_size=334 bytes)
[debug] [2024-11-16T10:42:21.456Z] [unzip] Processing entry: client\assets\provider-icons\auth_service_apple.svg
[debug] [2024-11-16T10:42:21.457Z] [unzip] else mkdir: C:\Users\radin\.cache\firebase\emulators\ui-v1.14.0\client\assets\provider-icons
[debug] [2024-11-16T10:42:21.457Z] [unzip] deflating: C:\Users\radin\.cache\firebase\emulators\ui-v1.14.0\client\assets\provider-icons\auth_service_apple.svg
[debug] [2024-11-16T10:42:21.458Z] [unzip] Entry: client/assets/provider-icons/auth_service_github.svg (compressed_size=466 bytes, uncompressed_size=838 bytes)
[debug] [2024-11-16T10:42:21.458Z] [unzip] Processing entry: client\assets\provider-icons\auth_service_github.svg
[debug] [2024-11-16T10:42:21.458Z] [unzip] else mkdir: C:\Users\radin\.cache\firebase\emulators\ui-v1.14.0\client\assets\provider-icons
[debug] [2024-11-16T10:42:21.458Z] [unzip] deflating: C:\Users\radin\.cache\firebase\emulators\ui-v1.14.0\client\assets\provider-icons\auth_service_github.svg
[debug] [2024-11-16T10:42:21.459Z] [unzip] Entry: client/assets/provider-icons/auth_service_mslive.svg (compressed_size=203 bytes, uncompressed_size=378 bytes)
[debug] [2024-11-16T10:42:21.459Z] [unzip] Processing entry: client\assets\provider-icons\auth_service_mslive.svg
[debug] [2024-11-16T10:42:21.459Z] [unzip] else mkdir: C:\Users\radin\.cache\firebase\emulators\ui-v1.14.0\client\assets\provider-icons
[debug] [2024-11-16T10:42:21.459Z] [unzip] deflating: C:\Users\radin\.cache\firebase\emulators\ui-v1.14.0\client\assets\provider-icons\auth_service_mslive.svg
[debug] [2024-11-16T10:42:21.460Z] [unzip] Entry: client/assets/provider-icons/auth_service_yahoo.svg (compressed_size=577 bytes, uncompressed_size=1182 bytes)
[debug] [2024-11-16T10:42:21.460Z] [unzip] Processing entry: client\assets\provider-icons\auth_service_yahoo.svg
[debug] [2024-11-16T10:42:21.460Z] [unzip] else mkdir: C:\Users\radin\.cache\firebase\emulators\ui-v1.14.0\client\assets\provider-icons
[debug] [2024-11-16T10:42:21.460Z] [unzip] deflating: C:\Users\radin\.cache\firebase\emulators\ui-v1.14.0\client\assets\provider-icons\auth_service_yahoo.svg
[debug] [2024-11-16T10:42:21.461Z] [unzip] Entry: client/assets/provider-icons/auth_service_twitter.svg (compressed_size=444 bytes, uncompressed_size=751 bytes)
[debug] [2024-11-16T10:42:21.461Z] [unzip] Processing entry: client\assets\provider-icons\auth_service_twitter.svg
[debug] [2024-11-16T10:42:21.461Z] [unzip] else mkdir: C:\Users\radin\.cache\firebase\emulators\ui-v1.14.0\client\assets\provider-icons
[debug] [2024-11-16T10:42:21.462Z] [unzip] deflating: C:\Users\radin\.cache\firebase\emulators\ui-v1.14.0\client\assets\provider-icons\auth_service_twitter.svg
[debug] [2024-11-16T10:42:21.462Z] [unzip] Entry: client/assets/provider-icons/auth_service_play_games.svg (compressed_size=565 bytes, uncompressed_size=1173 bytes)
[debug] [2024-11-16T10:42:21.462Z] [unzip] Processing entry: client\assets\provider-icons\auth_service_play_games.svg
[debug] [2024-11-16T10:42:21.462Z] [unzip] else mkdir: C:\Users\radin\.cache\firebase\emulators\ui-v1.14.0\client\assets\provider-icons
[debug] [2024-11-16T10:42:21.463Z] [unzip] deflating: C:\Users\radin\.cache\firebase\emulators\ui-v1.14.0\client\assets\provider-icons\auth_service_play_games.svg
[debug] [2024-11-16T10:42:21.464Z] [unzip] Entry: client/assets/provider-icons/auth_service_email.svg (compressed_size=228 bytes, uncompressed_size=326 bytes)
[debug] [2024-11-16T10:42:21.464Z] [unzip] Processing entry: client\assets\provider-icons\auth_service_email.svg
[debug] [2024-11-16T10:42:21.464Z] [unzip] else mkdir: C:\Users\radin\.cache\firebase\emulators\ui-v1.14.0\client\assets\provider-icons
[debug] [2024-11-16T10:42:21.464Z] [unzip] deflating: C:\Users\radin\.cache\firebase\emulators\ui-v1.14.0\client\assets\provider-icons\auth_service_email.svg
[debug] [2024-11-16T10:42:21.465Z] [unzip] Entry: client/assets/provider-icons/auth_service_google.svg (compressed_size=409 bytes, uncompressed_size=720 bytes)
[debug] [2024-11-16T10:42:21.465Z] [unzip] Processing entry: client\assets\provider-icons\auth_service_google.svg
[debug] [2024-11-16T10:42:21.465Z] [unzip] else mkdir: C:\Users\radin\.cache\firebase\emulators\ui-v1.14.0\client\assets\provider-icons
[debug] [2024-11-16T10:42:21.466Z] [unzip] deflating: C:\Users\radin\.cache\firebase\emulators\ui-v1.14.0\client\assets\provider-icons\auth_service_google.svg
[debug] [2024-11-16T10:42:21.467Z] [unzip] Entry: client/assets/provider-icons/auth_service_oidc.svg (compressed_size=414 bytes, uncompressed_size=858 bytes)
[debug] [2024-11-16T10:42:21.467Z] [unzip] Processing entry: client\assets\provider-icons\auth_service_oidc.svg
[debug] [2024-11-16T10:42:21.467Z] [unzip] else mkdir: C:\Users\radin\.cache\firebase\emulators\ui-v1.14.0\client\assets\provider-icons
[debug] [2024-11-16T10:42:21.467Z] [unzip] deflating: C:\Users\radin\.cache\firebase\emulators\ui-v1.14.0\client\assets\provider-icons\auth_service_oidc.svg
[debug] [2024-11-16T10:42:21.468Z] [unzip] Entry: client/browserconfig.xml (compressed_size=491 bytes, uncompressed_size=822 bytes)
[debug] [2024-11-16T10:42:21.468Z] [unzip] Processing entry: client\browserconfig.xml
[debug] [2024-11-16T10:42:21.468Z] [unzip] else mkdir: C:\Users\radin\.cache\firebase\emulators\ui-v1.14.0\client
[debug] [2024-11-16T10:42:21.468Z] [unzip] deflating: C:\Users\radin\.cache\firebase\emulators\ui-v1.14.0\client\browserconfig.xml
[debug] [2024-11-16T10:42:21.469Z] [unzip] Entry: client/favicon-32x32.png (compressed_size=475 bytes, uncompressed_size=475 bytes)
[debug] [2024-11-16T10:42:21.469Z] [unzip] Processing entry: client\favicon-32x32.png
[debug] [2024-11-16T10:42:21.469Z] [unzip] else mkdir: C:\Users\radin\.cache\firebase\emulators\ui-v1.14.0\client
[debug] [2024-11-16T10:42:21.469Z] [unzip] Writing file: C:\Users\radin\.cache\firebase\emulators\ui-v1.14.0\client\favicon-32x32.png
[debug] [2024-11-16T10:42:21.470Z] [unzip] Entry: server/ (compressed_size=0 bytes, uncompressed_size=0 bytes)
[debug] [2024-11-16T10:42:21.470Z] [unzip] Processing entry: server\
[debug] [2024-11-16T10:42:21.470Z] [unzip] mkdir: C:\Users\radin\.cache\firebase\emulators\ui-v1.14.0\server\
[debug] [2024-11-16T10:42:21.470Z] [unzip] Entry: server/server.mjs.map (compressed_size=296496 bytes, uncompressed_size=1355667 bytes)
[debug] [2024-11-16T10:42:21.471Z] [unzip] Processing entry: server\server.mjs.map
[debug] [2024-11-16T10:42:21.471Z] [unzip] else mkdir: C:\Users\radin\.cache\firebase\emulators\ui-v1.14.0\server
[debug] [2024-11-16T10:42:21.471Z] [unzip] deflating: C:\Users\radin\.cache\firebase\emulators\ui-v1.14.0\server\server.mjs.map
[debug] [2024-11-16T10:42:21.476Z] [unzip] Entry: server/server.mjs (compressed_size=315701 bytes, uncompressed_size=1172682 bytes)
[debug] [2024-11-16T10:42:21.476Z] [unzip] Processing entry: server\server.mjs
[debug] [2024-11-16T10:42:21.476Z] [unzip] else mkdir: C:\Users\radin\.cache\firebase\emulators\ui-v1.14.0\server
[debug] [2024-11-16T10:42:21.476Z] [unzip] deflating: C:\Users\radin\.cache\firebase\emulators\ui-v1.14.0\server\server.mjs
[debug] [2024-11-16T10:42:21.482Z] [unzip] Entry: server/assets/ (compressed_size=0 bytes, uncompressed_size=0 bytes)
[debug] [2024-11-16T10:42:21.482Z] [unzip] Processing entry: server\assets\
[debug] [2024-11-16T10:42:21.482Z] [unzip] mkdir: C:\Users\radin\.cache\firebase\emulators\ui-v1.14.0\server\assets\
[debug] [2024-11-16T10:42:21.483Z] [unzip] Entry: server/assets/multipart-parser-DGCUZdXu.mjs.map (compressed_size=4791 bytes, uncompressed_size=17918 bytes)
[debug] [2024-11-16T10:42:21.483Z] [unzip] Processing entry: server\assets\multipart-parser-DGCUZdXu.mjs.map
[debug] [2024-11-16T10:42:21.483Z] [unzip] else mkdir: C:\Users\radin\.cache\firebase\emulators\ui-v1.14.0\server\assets
[debug] [2024-11-16T10:42:21.483Z] [unzip] deflating: C:\Users\radin\.cache\firebase\emulators\ui-v1.14.0\server\assets\multipart-parser-DGCUZdXu.mjs.map
[debug] [2024-11-16T10:42:21.484Z] [unzip] Entry: server/assets/multipart-parser-DGCUZdXu.mjs (compressed_size=2621 bytes, uncompressed_size=10390 bytes)
[debug] [2024-11-16T10:42:21.485Z] [unzip] Processing entry: server\assets\multipart-parser-DGCUZdXu.mjs
[debug] [2024-11-16T10:42:21.485Z] [unzip] else mkdir: C:\Users\radin\.cache\firebase\emulators\ui-v1.14.0\server\assets
[debug] [2024-11-16T10:42:21.485Z] [unzip] deflating: C:\Users\radin\.cache\firebase\emulators\ui-v1.14.0\server\assets\multipart-parser-DGCUZdXu.mjs
[debug] [2024-11-16T10:42:21.486Z] Ignoring unsupported arg: auto_download {"metadata":{"emulator":{"name":"ui"},"message":"Ignoring unsupported arg: auto_download"}}
[debug] [2024-11-16T10:42:21.486Z] Ignoring unsupported arg: port {"metadata":{"emulator":{"name":"ui"},"message":"Ignoring unsupported arg: port"}}
[debug] [2024-11-16T10:42:21.486Z] Starting Emulator UI with command {"binary":"node","args":["C:\\Users\\radin\\.cache\\firebase\\emulators\\ui-v1.14.0\\server\\server.mjs"],"optionalArgs":[],"joinArgs":false,"shell":false,"port":4000} {"metadata":{"emulator":{"name":"ui"},"message":"Starting Emulator UI with command {\"binary\":\"node\",\"args\":[\"C:\\\\Users\\\\radin\\\\.cache\\\\firebase\\\\emulators\\\\ui-v1.14.0\\\\server\\\\server.mjs\"],\"optionalArgs\":[],\"joinArgs\":false,\"shell\":false,\"port\":4000}"}}
[info] i  ui: Emulator UI logging to ui-debug.log {"metadata":{"emulator":{"name":"ui"},"message":"Emulator UI logging to \u001b[1mui-debug.log\u001b[22m"}}
[debug] [2024-11-16T10:42:21.638Z] Web / API server started at 127.0.0.1:4000
 {"metadata":{"emulator":{"name":"ui"},"message":"Web / API server started at 127.0.0.1:4000\n"}}
[debug] [2024-11-16T10:42:21.638Z] Web / API server started at ::1:4000
 {"metadata":{"emulator":{"name":"ui"},"message":"Web / API server started at ::1:4000\n"}}
[info] i  functions: Watching "D:\PROJECT\TESTING\ebuddy\backend-repo\functions" for Cloud Functions... {"metadata":{"emulator":{"name":"functions"},"message":"Watching \"D:\\PROJECT\\TESTING\\ebuddy\\backend-repo\\functions\" for Cloud Functions..."}}
[debug] [2024-11-16T10:42:21.712Z] Validating nodejs source
[debug] [2024-11-16T10:42:22.579Z] > [functions] package.json contents: {
  "name": "functions",
  "scripts": {
    "lint": "eslint --ext .js,.ts .",
    "build": "tsc",
    "build:watch": "tsc --watch",
    "serve": "npm run build && firebase emulators:start --only functions",
    "shell": "npm run build && firebase functions:shell",
    "start": "npm run shell",
    "deploy": "firebase deploy --only functions",
    "logs": "firebase functions:log"
  },
  "engines": {
    "node": "18"
  },
  "main": "lib/index.js",
  "dependencies": {
    "firebase-admin": "^12.6.0",
    "firebase-functions": "^6.0.1"
  },
  "devDependencies": {
    "@typescript-eslint/eslint-plugin": "^5.12.0",
    "@typescript-eslint/parser": "^5.12.0",
    "eslint": "^8.9.0",
    "eslint-config-google": "^0.14.0",
    "eslint-plugin-import": "^2.25.4",
    "firebase-functions-test": "^3.1.0",
    "typescript": "^4.9.0"
  },
  "private": true
}
[error] !!  functions: Failed to load function definition from source: FirebaseError: There was an error reading functions\package.json:

 functions\lib\index.js does not exist, can't deploy Cloud Functions {"metadata":{"emulator":{"name":"functions"},"message":"Failed to load function definition from source: FirebaseError: There was an error reading functions\\package.json:\n\n functions\\lib\\index.js does not exist, can't deploy Cloud Functions"}}
[debug] [2024-11-16T10:42:22.583Z] Could not find VSCode notification endpoint: FetchError: request to http://localhost:40001/vscode/notify failed, reason: . If you are not running the Firebase Data Connect VSCode extension, this is expected and not an issue.
[info] 
┌─────────────────────────────────────────────────────────────┐
│ ✔  All emulators ready! It is now safe to connect your app. │
│ i  View Emulator UI at http://127.0.0.1:4000/               │
└─────────────────────────────────────────────────────────────┘

┌───────────┬────────────────┬─────────────────────────────────┐
│ Emulator  │ Host:Port      │ View in Emulator UI             │
├───────────┼────────────────┼─────────────────────────────────┤
│ Functions │ 127.0.0.1:5001 │ http://127.0.0.1:4000/functions │
└───────────┴────────────────┴─────────────────────────────────┘
  Emulator Hub running at 127.0.0.1:4400
  Other reserved ports: 4500

Issues? Report them at https://github.com/firebase/firebase-tools/issues and attach the *-debug.log files.
 
